<?xml version="1.0" encoding="UTF-8"?>
<testsuite xmlns:xsi="http://www.w3.org/2001/XMLSchema-instance" xsi:noNamespaceSchemaLocation="https://maven.apache.org/surefire/maven-surefire-plugin/xsd/surefire-test-report.xsd" name="org.openapitools.api.ApplicationTest" time="1.297" tests="10" errors="0" skipped="0" failures="10">
  <properties>
    <property name="java.specification.version" value="21"/>
    <property name="sun.jnu.encoding" value="UTF-8"/>
    <property name="java.class.path" value="/private/var/tmp/Roost/RoostGPT/ApplicationTest/1714553950/source/LoginApp/target/test-classes:/private/var/tmp/Roost/RoostGPT/ApplicationTest/1714553950/source/LoginApp/target/classes:/Users/garvitjethwani/.m2/repository/org/springframework/boot/spring-boot-starter-web/2.7.15/spring-boot-starter-web-2.7.15.jar:/Users/garvitjethwani/.m2/repository/org/springframework/boot/spring-boot-starter/2.7.15/spring-boot-starter-2.7.15.jar:/Users/garvitjethwani/.m2/repository/org/springframework/boot/spring-boot/2.7.15/spring-boot-2.7.15.jar:/Users/garvitjethwani/.m2/repository/org/springframework/boot/spring-boot-autoconfigure/2.7.15/spring-boot-autoconfigure-2.7.15.jar:/Users/garvitjethwani/.m2/repository/org/springframework/boot/spring-boot-starter-logging/2.7.15/spring-boot-starter-logging-2.7.15.jar:/Users/garvitjethwani/.m2/repository/ch/qos/logback/logback-classic/1.2.12/logback-classic-1.2.12.jar:/Users/garvitjethwani/.m2/repository/ch/qos/logback/logback-core/1.2.12/logback-core-1.2.12.jar:/Users/garvitjethwani/.m2/repository/org/apache/logging/log4j/log4j-to-slf4j/2.17.2/log4j-to-slf4j-2.17.2.jar:/Users/garvitjethwani/.m2/repository/org/apache/logging/log4j/log4j-api/2.17.2/log4j-api-2.17.2.jar:/Users/garvitjethwani/.m2/repository/org/slf4j/jul-to-slf4j/1.7.36/jul-to-slf4j-1.7.36.jar:/Users/garvitjethwani/.m2/repository/jakarta/annotation/jakarta.annotation-api/1.3.5/jakarta.annotation-api-1.3.5.jar:/Users/garvitjethwani/.m2/repository/org/springframework/boot/spring-boot-starter-json/2.7.15/spring-boot-starter-json-2.7.15.jar:/Users/garvitjethwani/.m2/repository/com/fasterxml/jackson/datatype/jackson-datatype-jdk8/2.13.5/jackson-datatype-jdk8-2.13.5.jar:/Users/garvitjethwani/.m2/repository/com/fasterxml/jackson/module/jackson-module-parameter-names/2.13.5/jackson-module-parameter-names-2.13.5.jar:/Users/garvitjethwani/.m2/repository/org/springframework/boot/spring-boot-starter-tomcat/2.7.15/spring-boot-starter-tomcat-2.7.15.jar:/Users/garvitjethwani/.m2/repository/org/apache/tomcat/embed/tomcat-embed-core/9.0.79/tomcat-embed-core-9.0.79.jar:/Users/garvitjethwani/.m2/repository/org/apache/tomcat/embed/tomcat-embed-websocket/9.0.79/tomcat-embed-websocket-9.0.79.jar:/Users/garvitjethwani/.m2/repository/org/springframework/spring-web/5.3.29/spring-web-5.3.29.jar:/Users/garvitjethwani/.m2/repository/org/springframework/spring-webmvc/5.3.29/spring-webmvc-5.3.29.jar:/Users/garvitjethwani/.m2/repository/org/springframework/spring-aop/5.3.29/spring-aop-5.3.29.jar:/Users/garvitjethwani/.m2/repository/org/springframework/spring-context/5.3.29/spring-context-5.3.29.jar:/Users/garvitjethwani/.m2/repository/org/springframework/spring-expression/5.3.29/spring-expression-5.3.29.jar:/Users/garvitjethwani/.m2/repository/org/springframework/data/spring-data-commons/2.7.15/spring-data-commons-2.7.15.jar:/Users/garvitjethwani/.m2/repository/org/springframework/spring-core/5.3.29/spring-core-5.3.29.jar:/Users/garvitjethwani/.m2/repository/org/springframework/spring-jcl/5.3.29/spring-jcl-5.3.29.jar:/Users/garvitjethwani/.m2/repository/org/springframework/spring-beans/5.3.29/spring-beans-5.3.29.jar:/Users/garvitjethwani/.m2/repository/org/slf4j/slf4j-api/1.7.36/slf4j-api-1.7.36.jar:/Users/garvitjethwani/.m2/repository/org/junit/vintage/junit-vintage-engine/5.2.0/junit-vintage-engine-5.2.0.jar:/Users/garvitjethwani/.m2/repository/org/apiguardian/apiguardian-api/1.0.0/apiguardian-api-1.0.0.jar:/Users/garvitjethwani/.m2/repository/org/junit/platform/junit-platform-engine/1.8.2/junit-platform-engine-1.8.2.jar:/Users/garvitjethwani/.m2/repository/org/opentest4j/opentest4j/1.2.0/opentest4j-1.2.0.jar:/Users/garvitjethwani/.m2/repository/org/junit/platform/junit-platform-commons/1.8.2/junit-platform-commons-1.8.2.jar:/Users/garvitjethwani/.m2/repository/junit/junit/4.13.2/junit-4.13.2.jar:/Users/garvitjethwani/.m2/repository/org/hamcrest/hamcrest-core/2.2/hamcrest-core-2.2.jar:/Users/garvitjethwani/.m2/repository/io/spring/javaformat/spring-javaformat-formatter/0.0.40/spring-javaformat-formatter-0.0.40.jar:/Users/garvitjethwani/.m2/repository/io/spring/javaformat/spring-javaformat-config/0.0.40/spring-javaformat-config-0.0.40.jar:/Users/garvitjethwani/.m2/repository/io/spring/javaformat/spring-javaformat-formatter-eclipse-jdt-jdk8/0.0.40/spring-javaformat-formatter-eclipse-jdt-jdk8-0.0.40.jar:/Users/garvitjethwani/.m2/repository/io/spring/javaformat/spring-javaformat-formatter-eclipse-jdt-jdk11/0.0.40/spring-javaformat-formatter-eclipse-jdt-jdk11-0.0.40.jar:/Users/garvitjethwani/.m2/repository/org/springdoc/springdoc-openapi-ui/1.6.14/springdoc-openapi-ui-1.6.14.jar:/Users/garvitjethwani/.m2/repository/org/springdoc/springdoc-openapi-webmvc-core/1.6.14/springdoc-openapi-webmvc-core-1.6.14.jar:/Users/garvitjethwani/.m2/repository/org/springdoc/springdoc-openapi-common/1.6.14/springdoc-openapi-common-1.6.14.jar:/Users/garvitjethwani/.m2/repository/io/swagger/core/v3/swagger-core/2.2.7/swagger-core-2.2.7.jar:/Users/garvitjethwani/.m2/repository/org/apache/commons/commons-lang3/3.12.0/commons-lang3-3.12.0.jar:/Users/garvitjethwani/.m2/repository/io/swagger/core/v3/swagger-annotations/2.2.7/swagger-annotations-2.2.7.jar:/Users/garvitjethwani/.m2/repository/io/swagger/core/v3/swagger-models/2.2.7/swagger-models-2.2.7.jar:/Users/garvitjethwani/.m2/repository/org/webjars/swagger-ui/4.15.5/swagger-ui-4.15.5.jar:/Users/garvitjethwani/.m2/repository/org/webjars/webjars-locator-core/0.50/webjars-locator-core-0.50.jar:/Users/garvitjethwani/.m2/repository/io/github/classgraph/classgraph/4.8.149/classgraph-4.8.149.jar:/Users/garvitjethwani/.m2/repository/com/google/code/findbugs/jsr305/3.0.2/jsr305-3.0.2.jar:/Users/garvitjethwani/.m2/repository/com/fasterxml/jackson/dataformat/jackson-dataformat-yaml/2.13.5/jackson-dataformat-yaml-2.13.5.jar:/Users/garvitjethwani/.m2/repository/org/yaml/snakeyaml/1.30/snakeyaml-1.30.jar:/Users/garvitjethwani/.m2/repository/com/fasterxml/jackson/core/jackson-core/2.13.5/jackson-core-2.13.5.jar:/Users/garvitjethwani/.m2/repository/com/fasterxml/jackson/datatype/jackson-datatype-jsr310/2.13.5/jackson-datatype-jsr310-2.13.5.jar:/Users/garvitjethwani/.m2/repository/com/fasterxml/jackson/core/jackson-annotations/2.13.5/jackson-annotations-2.13.5.jar:/Users/garvitjethwani/.m2/repository/org/openapitools/jackson-databind-nullable/0.2.6/jackson-databind-nullable-0.2.6.jar:/Users/garvitjethwani/.m2/repository/org/springframework/boot/spring-boot-starter-validation/2.7.15/spring-boot-starter-validation-2.7.15.jar:/Users/garvitjethwani/.m2/repository/org/apache/tomcat/embed/tomcat-embed-el/9.0.79/tomcat-embed-el-9.0.79.jar:/Users/garvitjethwani/.m2/repository/org/hibernate/validator/hibernate-validator/6.2.5.Final/hibernate-validator-6.2.5.Final.jar:/Users/garvitjethwani/.m2/repository/jakarta/validation/jakarta.validation-api/2.0.2/jakarta.validation-api-2.0.2.jar:/Users/garvitjethwani/.m2/repository/org/jboss/logging/jboss-logging/3.4.3.Final/jboss-logging-3.4.3.Final.jar:/Users/garvitjethwani/.m2/repository/com/fasterxml/classmate/1.5.1/classmate-1.5.1.jar:/Users/garvitjethwani/.m2/repository/com/fasterxml/jackson/core/jackson-databind/2.13.5/jackson-databind-2.13.5.jar:/Users/garvitjethwani/.m2/repository/org/springframework/boot/spring-boot-starter-test/2.7.15/spring-boot-starter-test-2.7.15.jar:/Users/garvitjethwani/.m2/repository/org/springframework/boot/spring-boot-test/2.7.15/spring-boot-test-2.7.15.jar:/Users/garvitjethwani/.m2/repository/org/springframework/boot/spring-boot-test-autoconfigure/2.7.15/spring-boot-test-autoconfigure-2.7.15.jar:/Users/garvitjethwani/.m2/repository/com/jayway/jsonpath/json-path/2.7.0/json-path-2.7.0.jar:/Users/garvitjethwani/.m2/repository/net/minidev/json-smart/2.4.11/json-smart-2.4.11.jar:/Users/garvitjethwani/.m2/repository/net/minidev/accessors-smart/2.4.11/accessors-smart-2.4.11.jar:/Users/garvitjethwani/.m2/repository/org/ow2/asm/asm/9.3/asm-9.3.jar:/Users/garvitjethwani/.m2/repository/jakarta/xml/bind/jakarta.xml.bind-api/2.3.3/jakarta.xml.bind-api-2.3.3.jar:/Users/garvitjethwani/.m2/repository/jakarta/activation/jakarta.activation-api/1.2.2/jakarta.activation-api-1.2.2.jar:/Users/garvitjethwani/.m2/repository/org/assertj/assertj-core/3.22.0/assertj-core-3.22.0.jar:/Users/garvitjethwani/.m2/repository/org/hamcrest/hamcrest/2.2/hamcrest-2.2.jar:/Users/garvitjethwani/.m2/repository/org/junit/jupiter/junit-jupiter/5.8.2/junit-jupiter-5.8.2.jar:/Users/garvitjethwani/.m2/repository/org/junit/jupiter/junit-jupiter-api/5.8.2/junit-jupiter-api-5.8.2.jar:/Users/garvitjethwani/.m2/repository/org/junit/jupiter/junit-jupiter-params/5.8.2/junit-jupiter-params-5.8.2.jar:/Users/garvitjethwani/.m2/repository/org/junit/jupiter/junit-jupiter-engine/5.8.2/junit-jupiter-engine-5.8.2.jar:/Users/garvitjethwani/.m2/repository/org/mockito/mockito-core/4.5.1/mockito-core-4.5.1.jar:/Users/garvitjethwani/.m2/repository/net/bytebuddy/byte-buddy/1.12.23/byte-buddy-1.12.23.jar:/Users/garvitjethwani/.m2/repository/net/bytebuddy/byte-buddy-agent/1.12.23/byte-buddy-agent-1.12.23.jar:/Users/garvitjethwani/.m2/repository/org/objenesis/objenesis/3.2/objenesis-3.2.jar:/Users/garvitjethwani/.m2/repository/org/mockito/mockito-junit-jupiter/4.5.1/mockito-junit-jupiter-4.5.1.jar:/Users/garvitjethwani/.m2/repository/org/skyscreamer/jsonassert/1.5.1/jsonassert-1.5.1.jar:/Users/garvitjethwani/.m2/repository/com/vaadin/external/google/android-json/0.0.20131108.vaadin1/android-json-0.0.20131108.vaadin1.jar:/Users/garvitjethwani/.m2/repository/org/springframework/spring-test/5.3.29/spring-test-5.3.29.jar:/Users/garvitjethwani/.m2/repository/org/xmlunit/xmlunit-core/2.9.1/xmlunit-core-2.9.1.jar:"/>
    <property name="java.vm.vendor" value="Homebrew"/>
    <property name="sun.arch.data.model" value="64"/>
    <property name="java.vendor.url" value="https://github.com/Homebrew/homebrew-core/issues"/>
    <property name="os.name" value="Mac OS X"/>
    <property name="java.vm.specification.version" value="21"/>
    <property name="sun.java.launcher" value="SUN_STANDARD"/>
    <property name="user.country" value="IN"/>
    <property name="sun.boot.library.path" value="/usr/local/Cellar/openjdk/21.0.1/libexec/openjdk.jdk/Contents/Home/lib"/>
    <property name="sun.java.command" value="/private/var/tmp/Roost/RoostGPT/ApplicationTest/1714553950/source/LoginApp/target/surefire/surefirebooter15753197226165206229.jar /private/var/tmp/Roost/RoostGPT/ApplicationTest/1714553950/source/LoginApp/target/surefire 2024-05-01T14-31-50_205-jvmRun1 surefire447271373138532379tmp surefire_012131105934357988217tmp"/>
    <property name="http.nonProxyHosts" value="local|*.local|169.254/16|*.169.254/16"/>
    <property name="jdk.debug" value="release"/>
    <property name="surefire.test.class.path" value="/private/var/tmp/Roost/RoostGPT/ApplicationTest/1714553950/source/LoginApp/target/test-classes:/private/var/tmp/Roost/RoostGPT/ApplicationTest/1714553950/source/LoginApp/target/classes:/Users/garvitjethwani/.m2/repository/org/springframework/boot/spring-boot-starter-web/2.7.15/spring-boot-starter-web-2.7.15.jar:/Users/garvitjethwani/.m2/repository/org/springframework/boot/spring-boot-starter/2.7.15/spring-boot-starter-2.7.15.jar:/Users/garvitjethwani/.m2/repository/org/springframework/boot/spring-boot/2.7.15/spring-boot-2.7.15.jar:/Users/garvitjethwani/.m2/repository/org/springframework/boot/spring-boot-autoconfigure/2.7.15/spring-boot-autoconfigure-2.7.15.jar:/Users/garvitjethwani/.m2/repository/org/springframework/boot/spring-boot-starter-logging/2.7.15/spring-boot-starter-logging-2.7.15.jar:/Users/garvitjethwani/.m2/repository/ch/qos/logback/logback-classic/1.2.12/logback-classic-1.2.12.jar:/Users/garvitjethwani/.m2/repository/ch/qos/logback/logback-core/1.2.12/logback-core-1.2.12.jar:/Users/garvitjethwani/.m2/repository/org/apache/logging/log4j/log4j-to-slf4j/2.17.2/log4j-to-slf4j-2.17.2.jar:/Users/garvitjethwani/.m2/repository/org/apache/logging/log4j/log4j-api/2.17.2/log4j-api-2.17.2.jar:/Users/garvitjethwani/.m2/repository/org/slf4j/jul-to-slf4j/1.7.36/jul-to-slf4j-1.7.36.jar:/Users/garvitjethwani/.m2/repository/jakarta/annotation/jakarta.annotation-api/1.3.5/jakarta.annotation-api-1.3.5.jar:/Users/garvitjethwani/.m2/repository/org/springframework/boot/spring-boot-starter-json/2.7.15/spring-boot-starter-json-2.7.15.jar:/Users/garvitjethwani/.m2/repository/com/fasterxml/jackson/datatype/jackson-datatype-jdk8/2.13.5/jackson-datatype-jdk8-2.13.5.jar:/Users/garvitjethwani/.m2/repository/com/fasterxml/jackson/module/jackson-module-parameter-names/2.13.5/jackson-module-parameter-names-2.13.5.jar:/Users/garvitjethwani/.m2/repository/org/springframework/boot/spring-boot-starter-tomcat/2.7.15/spring-boot-starter-tomcat-2.7.15.jar:/Users/garvitjethwani/.m2/repository/org/apache/tomcat/embed/tomcat-embed-core/9.0.79/tomcat-embed-core-9.0.79.jar:/Users/garvitjethwani/.m2/repository/org/apache/tomcat/embed/tomcat-embed-websocket/9.0.79/tomcat-embed-websocket-9.0.79.jar:/Users/garvitjethwani/.m2/repository/org/springframework/spring-web/5.3.29/spring-web-5.3.29.jar:/Users/garvitjethwani/.m2/repository/org/springframework/spring-webmvc/5.3.29/spring-webmvc-5.3.29.jar:/Users/garvitjethwani/.m2/repository/org/springframework/spring-aop/5.3.29/spring-aop-5.3.29.jar:/Users/garvitjethwani/.m2/repository/org/springframework/spring-context/5.3.29/spring-context-5.3.29.jar:/Users/garvitjethwani/.m2/repository/org/springframework/spring-expression/5.3.29/spring-expression-5.3.29.jar:/Users/garvitjethwani/.m2/repository/org/springframework/data/spring-data-commons/2.7.15/spring-data-commons-2.7.15.jar:/Users/garvitjethwani/.m2/repository/org/springframework/spring-core/5.3.29/spring-core-5.3.29.jar:/Users/garvitjethwani/.m2/repository/org/springframework/spring-jcl/5.3.29/spring-jcl-5.3.29.jar:/Users/garvitjethwani/.m2/repository/org/springframework/spring-beans/5.3.29/spring-beans-5.3.29.jar:/Users/garvitjethwani/.m2/repository/org/slf4j/slf4j-api/1.7.36/slf4j-api-1.7.36.jar:/Users/garvitjethwani/.m2/repository/org/junit/vintage/junit-vintage-engine/5.2.0/junit-vintage-engine-5.2.0.jar:/Users/garvitjethwani/.m2/repository/org/apiguardian/apiguardian-api/1.0.0/apiguardian-api-1.0.0.jar:/Users/garvitjethwani/.m2/repository/org/junit/platform/junit-platform-engine/1.8.2/junit-platform-engine-1.8.2.jar:/Users/garvitjethwani/.m2/repository/org/opentest4j/opentest4j/1.2.0/opentest4j-1.2.0.jar:/Users/garvitjethwani/.m2/repository/org/junit/platform/junit-platform-commons/1.8.2/junit-platform-commons-1.8.2.jar:/Users/garvitjethwani/.m2/repository/junit/junit/4.13.2/junit-4.13.2.jar:/Users/garvitjethwani/.m2/repository/org/hamcrest/hamcrest-core/2.2/hamcrest-core-2.2.jar:/Users/garvitjethwani/.m2/repository/io/spring/javaformat/spring-javaformat-formatter/0.0.40/spring-javaformat-formatter-0.0.40.jar:/Users/garvitjethwani/.m2/repository/io/spring/javaformat/spring-javaformat-config/0.0.40/spring-javaformat-config-0.0.40.jar:/Users/garvitjethwani/.m2/repository/io/spring/javaformat/spring-javaformat-formatter-eclipse-jdt-jdk8/0.0.40/spring-javaformat-formatter-eclipse-jdt-jdk8-0.0.40.jar:/Users/garvitjethwani/.m2/repository/io/spring/javaformat/spring-javaformat-formatter-eclipse-jdt-jdk11/0.0.40/spring-javaformat-formatter-eclipse-jdt-jdk11-0.0.40.jar:/Users/garvitjethwani/.m2/repository/org/springdoc/springdoc-openapi-ui/1.6.14/springdoc-openapi-ui-1.6.14.jar:/Users/garvitjethwani/.m2/repository/org/springdoc/springdoc-openapi-webmvc-core/1.6.14/springdoc-openapi-webmvc-core-1.6.14.jar:/Users/garvitjethwani/.m2/repository/org/springdoc/springdoc-openapi-common/1.6.14/springdoc-openapi-common-1.6.14.jar:/Users/garvitjethwani/.m2/repository/io/swagger/core/v3/swagger-core/2.2.7/swagger-core-2.2.7.jar:/Users/garvitjethwani/.m2/repository/org/apache/commons/commons-lang3/3.12.0/commons-lang3-3.12.0.jar:/Users/garvitjethwani/.m2/repository/io/swagger/core/v3/swagger-annotations/2.2.7/swagger-annotations-2.2.7.jar:/Users/garvitjethwani/.m2/repository/io/swagger/core/v3/swagger-models/2.2.7/swagger-models-2.2.7.jar:/Users/garvitjethwani/.m2/repository/org/webjars/swagger-ui/4.15.5/swagger-ui-4.15.5.jar:/Users/garvitjethwani/.m2/repository/org/webjars/webjars-locator-core/0.50/webjars-locator-core-0.50.jar:/Users/garvitjethwani/.m2/repository/io/github/classgraph/classgraph/4.8.149/classgraph-4.8.149.jar:/Users/garvitjethwani/.m2/repository/com/google/code/findbugs/jsr305/3.0.2/jsr305-3.0.2.jar:/Users/garvitjethwani/.m2/repository/com/fasterxml/jackson/dataformat/jackson-dataformat-yaml/2.13.5/jackson-dataformat-yaml-2.13.5.jar:/Users/garvitjethwani/.m2/repository/org/yaml/snakeyaml/1.30/snakeyaml-1.30.jar:/Users/garvitjethwani/.m2/repository/com/fasterxml/jackson/core/jackson-core/2.13.5/jackson-core-2.13.5.jar:/Users/garvitjethwani/.m2/repository/com/fasterxml/jackson/datatype/jackson-datatype-jsr310/2.13.5/jackson-datatype-jsr310-2.13.5.jar:/Users/garvitjethwani/.m2/repository/com/fasterxml/jackson/core/jackson-annotations/2.13.5/jackson-annotations-2.13.5.jar:/Users/garvitjethwani/.m2/repository/org/openapitools/jackson-databind-nullable/0.2.6/jackson-databind-nullable-0.2.6.jar:/Users/garvitjethwani/.m2/repository/org/springframework/boot/spring-boot-starter-validation/2.7.15/spring-boot-starter-validation-2.7.15.jar:/Users/garvitjethwani/.m2/repository/org/apache/tomcat/embed/tomcat-embed-el/9.0.79/tomcat-embed-el-9.0.79.jar:/Users/garvitjethwani/.m2/repository/org/hibernate/validator/hibernate-validator/6.2.5.Final/hibernate-validator-6.2.5.Final.jar:/Users/garvitjethwani/.m2/repository/jakarta/validation/jakarta.validation-api/2.0.2/jakarta.validation-api-2.0.2.jar:/Users/garvitjethwani/.m2/repository/org/jboss/logging/jboss-logging/3.4.3.Final/jboss-logging-3.4.3.Final.jar:/Users/garvitjethwani/.m2/repository/com/fasterxml/classmate/1.5.1/classmate-1.5.1.jar:/Users/garvitjethwani/.m2/repository/com/fasterxml/jackson/core/jackson-databind/2.13.5/jackson-databind-2.13.5.jar:/Users/garvitjethwani/.m2/repository/org/springframework/boot/spring-boot-starter-test/2.7.15/spring-boot-starter-test-2.7.15.jar:/Users/garvitjethwani/.m2/repository/org/springframework/boot/spring-boot-test/2.7.15/spring-boot-test-2.7.15.jar:/Users/garvitjethwani/.m2/repository/org/springframework/boot/spring-boot-test-autoconfigure/2.7.15/spring-boot-test-autoconfigure-2.7.15.jar:/Users/garvitjethwani/.m2/repository/com/jayway/jsonpath/json-path/2.7.0/json-path-2.7.0.jar:/Users/garvitjethwani/.m2/repository/net/minidev/json-smart/2.4.11/json-smart-2.4.11.jar:/Users/garvitjethwani/.m2/repository/net/minidev/accessors-smart/2.4.11/accessors-smart-2.4.11.jar:/Users/garvitjethwani/.m2/repository/org/ow2/asm/asm/9.3/asm-9.3.jar:/Users/garvitjethwani/.m2/repository/jakarta/xml/bind/jakarta.xml.bind-api/2.3.3/jakarta.xml.bind-api-2.3.3.jar:/Users/garvitjethwani/.m2/repository/jakarta/activation/jakarta.activation-api/1.2.2/jakarta.activation-api-1.2.2.jar:/Users/garvitjethwani/.m2/repository/org/assertj/assertj-core/3.22.0/assertj-core-3.22.0.jar:/Users/garvitjethwani/.m2/repository/org/hamcrest/hamcrest/2.2/hamcrest-2.2.jar:/Users/garvitjethwani/.m2/repository/org/junit/jupiter/junit-jupiter/5.8.2/junit-jupiter-5.8.2.jar:/Users/garvitjethwani/.m2/repository/org/junit/jupiter/junit-jupiter-api/5.8.2/junit-jupiter-api-5.8.2.jar:/Users/garvitjethwani/.m2/repository/org/junit/jupiter/junit-jupiter-params/5.8.2/junit-jupiter-params-5.8.2.jar:/Users/garvitjethwani/.m2/repository/org/junit/jupiter/junit-jupiter-engine/5.8.2/junit-jupiter-engine-5.8.2.jar:/Users/garvitjethwani/.m2/repository/org/mockito/mockito-core/4.5.1/mockito-core-4.5.1.jar:/Users/garvitjethwani/.m2/repository/net/bytebuddy/byte-buddy/1.12.23/byte-buddy-1.12.23.jar:/Users/garvitjethwani/.m2/repository/net/bytebuddy/byte-buddy-agent/1.12.23/byte-buddy-agent-1.12.23.jar:/Users/garvitjethwani/.m2/repository/org/objenesis/objenesis/3.2/objenesis-3.2.jar:/Users/garvitjethwani/.m2/repository/org/mockito/mockito-junit-jupiter/4.5.1/mockito-junit-jupiter-4.5.1.jar:/Users/garvitjethwani/.m2/repository/org/skyscreamer/jsonassert/1.5.1/jsonassert-1.5.1.jar:/Users/garvitjethwani/.m2/repository/com/vaadin/external/google/android-json/0.0.20131108.vaadin1/android-json-0.0.20131108.vaadin1.jar:/Users/garvitjethwani/.m2/repository/org/springframework/spring-test/5.3.29/spring-test-5.3.29.jar:/Users/garvitjethwani/.m2/repository/org/xmlunit/xmlunit-core/2.9.1/xmlunit-core-2.9.1.jar:"/>
    <property name="sun.cpu.endian" value="little"/>
    <property name="user.home" value="/Users/garvitjethwani"/>
    <property name="user.language" value="en"/>
    <property name="java.specification.vendor" value="Oracle Corporation"/>
    <property name="java.version.date" value="2023-10-17"/>
    <property name="java.home" value="/usr/local/Cellar/openjdk/21.0.1/libexec/openjdk.jdk/Contents/Home"/>
    <property name="file.separator" value="/"/>
    <property name="basedir" value="/private/var/tmp/Roost/RoostGPT/ApplicationTest/1714553950/source/LoginApp"/>
    <property name="java.vm.compressedOopsMode" value="Zero based"/>
    <property name="line.separator" value="&#10;"/>
    <property name="java.vm.specification.vendor" value="Oracle Corporation"/>
    <property name="java.specification.name" value="Java Platform API Specification"/>
    <property name="apple.awt.application.name" value="ForkedBooter"/>
    <property name="surefire.real.class.path" value="/private/var/tmp/Roost/RoostGPT/ApplicationTest/1714553950/source/LoginApp/target/surefire/surefirebooter15753197226165206229.jar"/>
    <property name="sun.management.compiler" value="HotSpot 64-Bit Tiered Compilers"/>
    <property name="ftp.nonProxyHosts" value="local|*.local|169.254/16|*.169.254/16"/>
    <property name="java.runtime.version" value="21.0.1"/>
    <property name="user.name" value="garvitjethwani"/>
    <property name="stdout.encoding" value="UTF-8"/>
    <property name="path.separator" value=":"/>
    <property name="os.version" value="14.4.1"/>
    <property name="java.runtime.name" value="OpenJDK Runtime Environment"/>
    <property name="file.encoding" value="UTF-8"/>
    <property name="java.vm.name" value="OpenJDK 64-Bit Server VM"/>
    <property name="java.vendor.version" value="Homebrew"/>
    <property name="localRepository" value="/Users/garvitjethwani/.m2/repository"/>
    <property name="java.vendor.url.bug" value="https://github.com/Homebrew/homebrew-core/issues"/>
    <property name="java.io.tmpdir" value="/var/folders/nd/w0js61ts3_19fcy4tlvxd4c40000gn/T/"/>
    <property name="java.version" value="21.0.1"/>
    <property name="user.dir" value="/private/var/tmp/Roost/RoostGPT/ApplicationTest/1714553950/source/LoginApp"/>
    <property name="os.arch" value="x86_64"/>
    <property name="java.vm.specification.name" value="Java Virtual Machine Specification"/>
    <property name="native.encoding" value="UTF-8"/>
    <property name="java.library.path" value="/Users/garvitjethwani/Library/Java/Extensions:/Library/Java/Extensions:/Network/Library/Java/Extensions:/System/Library/Java/Extensions:/usr/lib/java:."/>
    <property name="java.vm.info" value="mixed mode, sharing"/>
    <property name="stderr.encoding" value="UTF-8"/>
    <property name="java.vendor" value="Homebrew"/>
    <property name="java.vm.version" value="21.0.1"/>
    <property name="sun.io.unicode.encoding" value="UnicodeBig"/>
    <property name="socksNonProxyHosts" value="local|*.local|169.254/16|*.169.254/16"/>
    <property name="java.class.version" value="65.0"/>
  </properties>
  <testcase name="testLoginButtonClickEndpoint" classname="org.openapitools.api.ApplicationTest" time="0.06">
    <failure message="Status expected:&lt;200&gt; but was:&lt;404&gt;" type="java.lang.AssertionError"><![CDATA[java.lang.AssertionError: Status expected:<200> but was:<404>
	at org.openapitools.api.ApplicationTest.testLoginButtonClickEndpoint(ApplicationTest.java:65)
]]></failure>
    <system-out><![CDATA[2024-05-01 14:31:55.683  INFO 3932 --- [           main] .b.t.c.SpringBootTestContextBootstrapper : Neither @ContextConfiguration nor @ContextHierarchy found for test class [org.openapitools.api.ApplicationTest], using SpringBootContextLoader
2024-05-01 14:31:55.684  INFO 3932 --- [           main] o.s.t.c.support.AbstractContextLoader    : Could not detect default resource locations for test class [org.openapitools.api.ApplicationTest]: no resource found for suffixes {-context.xml, Context.groovy}.
2024-05-01 14:31:55.684  INFO 3932 --- [           main] t.c.s.AnnotationConfigContextLoaderUtils : Could not detect default configuration classes for test class [org.openapitools.api.ApplicationTest]: ApplicationTest does not declare any static, non-private, non-final, nested classes annotated with @Configuration.
2024-05-01 14:31:55.703  INFO 3932 --- [           main] .b.t.c.SpringBootTestContextBootstrapper : Found @SpringBootConfiguration org.openapitools.OpenApiGeneratorApplication for test class org.openapitools.api.ApplicationTest
2024-05-01 14:31:55.705  INFO 3932 --- [           main] .b.t.c.SpringBootTestContextBootstrapper : Loaded default TestExecutionListener class names from location [META-INF/spring.factories]: [org.springframework.boot.test.mock.mockito.MockitoTestExecutionListener, org.springframework.boot.test.mock.mockito.ResetMocksTestExecutionListener, org.springframework.boot.test.autoconfigure.restdocs.RestDocsTestExecutionListener, org.springframework.boot.test.autoconfigure.web.client.MockRestServiceServerResetTestExecutionListener, org.springframework.boot.test.autoconfigure.web.servlet.MockMvcPrintOnlyOnFailureTestExecutionListener, org.springframework.boot.test.autoconfigure.web.servlet.WebDriverTestExecutionListener, org.springframework.boot.test.autoconfigure.webservices.client.MockWebServiceServerTestExecutionListener, org.springframework.test.context.web.ServletTestExecutionListener, org.springframework.test.context.support.DirtiesContextBeforeModesTestExecutionListener, org.springframework.test.context.event.ApplicationEventsTestExecutionListener, org.springframework.test.context.support.DependencyInjectionTestExecutionListener, org.springframework.test.context.support.DirtiesContextTestExecutionListener, org.springframework.test.context.transaction.TransactionalTestExecutionListener, org.springframework.test.context.jdbc.SqlScriptsTestExecutionListener, org.springframework.test.context.event.EventPublishingTestExecutionListener]
2024-05-01 14:31:55.705  INFO 3932 --- [           main] .b.t.c.SpringBootTestContextBootstrapper : Using TestExecutionListeners: [org.springframework.test.context.web.ServletTestExecutionListener@7953a656, org.springframework.test.context.support.DirtiesContextBeforeModesTestExecutionListener@60f6c148, org.springframework.test.context.event.ApplicationEventsTestExecutionListener@3327406e, org.springframework.boot.test.mock.mockito.MockitoTestExecutionListener@a8dedda, org.springframework.boot.test.autoconfigure.SpringBootDependencyInjectionTestExecutionListener@6e089bcb, org.springframework.test.context.support.DirtiesContextTestExecutionListener@38a2fbc3, org.springframework.test.context.event.EventPublishingTestExecutionListener@318ff889, org.springframework.boot.test.mock.mockito.ResetMocksTestExecutionListener@5409305f, org.springframework.boot.test.autoconfigure.restdocs.RestDocsTestExecutionListener@7e753fd6, org.springframework.boot.test.autoconfigure.web.client.MockRestServiceServerResetTestExecutionListener@51a6af38, org.springframework.boot.test.autoconfigure.web.servlet.MockMvcPrintOnlyOnFailureTestExecutionListener@1f234e35, org.springframework.boot.test.autoconfigure.web.servlet.WebDriverTestExecutionListener@2350e46, org.springframework.boot.test.autoconfigure.webservices.client.MockWebServiceServerTestExecutionListener@55691a59]

  .   ____          _            __ _ _
 /\\ / ___'_ __ _ _(_)_ __  __ _ \ \ \ \
( ( )\___ | '_ | '_| | '_ \/ _` | \ \ \ \
 \\/  ___)| |_)| | | | | || (_| |  ) ) ) )
  '  |____| .__|_| |_|_| |_\__, | / / / /
 =========|_|==============|___/=/_/_/_/
 :: Spring Boot ::               (v2.7.15)

2024-05-01 14:31:55.736  INFO 3932 --- [           main] org.openapitools.api.ApplicationTest     : Starting ApplicationTest using Java 21.0.1 on Garvits-MacBook-Pro.local with PID 3932 (started by garvitjethwani in /private/var/tmp/Roost/RoostGPT/ApplicationTest/1714553950/source/LoginApp)
2024-05-01 14:31:55.736  INFO 3932 --- [           main] org.openapitools.api.ApplicationTest     : No active profile set, falling back to 1 default profile: "default"
2024-05-01 14:31:56.653  INFO 3932 --- [           main] o.s.b.t.m.w.SpringBootMockServletContext : Initializing Spring TestDispatcherServlet ''
2024-05-01 14:31:56.653  INFO 3932 --- [           main] o.s.t.web.servlet.TestDispatcherServlet  : Initializing Servlet ''
2024-05-01 14:31:56.654  INFO 3932 --- [           main] o.s.t.web.servlet.TestDispatcherServlet  : Completed initialization in 1 ms
2024-05-01 14:31:56.665  INFO 3932 --- [           main] org.openapitools.api.ApplicationTest     : Started ApplicationTest in 0.957 seconds (JVM running for 6.305)

MockHttpServletRequest:
      HTTP Method = POST
      Request URI = /login/button-click
       Parameters = {}
          Headers = []
             Body = null
    Session Attrs = {}

Handler:
             Type = org.springframework.web.servlet.resource.ResourceHttpRequestHandler

Async:
    Async started = false
     Async result = null

Resolved Exception:
             Type = null

ModelAndView:
        View name = null
             View = null
            Model = null

FlashMap:
       Attributes = null

MockHttpServletResponse:
           Status = 404
    Error message = null
          Headers = [Vary:"Origin", "Access-Control-Request-Method", "Access-Control-Request-Headers"]
     Content type = null
             Body = 
    Forwarded URL = null
   Redirected URL = null
          Cookies = []
]]></system-out>
  </testcase>
  <testcase name="testLoginEndpoint" classname="org.openapitools.api.ApplicationTest" time="0.159">
    <failure message="Status expected:&lt;200&gt; but was:&lt;401&gt;" type="java.lang.AssertionError"><![CDATA[java.lang.AssertionError: Status expected:<200> but was:<401>
	at org.openapitools.api.ApplicationTest.testLoginEndpoint(ApplicationTest.java:59)
]]></failure>
    <system-out><![CDATA[
MockHttpServletRequest:
      HTTP Method = POST
      Request URI = /login
       Parameters = {}
          Headers = [Content-Type:"application/json;charset=UTF-8", Content-Length:"37"]
             Body = {"username":"user","password":"pass"}
    Session Attrs = {}

Handler:
             Type = org.openapitools.api.LoginApiController
           Method = org.openapitools.api.LoginApiController#loginPost(LoginPostRequest)

Async:
    Async started = false
     Async result = null

Resolved Exception:
             Type = null

ModelAndView:
        View name = null
             View = null
            Model = null

FlashMap:
       Attributes = null

MockHttpServletResponse:
           Status = 401
    Error message = null
          Headers = [Content-Type:"application/json"]
     Content type = application/json
             Body = {"message":"Invalid username or password","status":"401"}
    Forwarded URL = null
   Redirected URL = null
          Cookies = []
]]></system-out>
  </testcase>
  <testcase name="testAccessibilityEndpoint" classname="org.openapitools.api.ApplicationTest" time="0.015">
    <failure message="Status expected:&lt;200&gt; but was:&lt;501&gt;" type="java.lang.AssertionError"><![CDATA[java.lang.AssertionError: Status expected:<200> but was:<501>
	at org.openapitools.api.ApplicationTest.testAccessibilityEndpoint(ApplicationTest.java:37)
]]></failure>
    <system-out><![CDATA[
MockHttpServletRequest:
      HTTP Method = GET
      Request URI = /accessibility
       Parameters = {}
          Headers = []
             Body = null
    Session Attrs = {}

Handler:
             Type = org.openapitools.api.AccessibilityApiController
           Method = org.openapitools.api.AccessibilityApiController#accessibilityGet()

Async:
    Async started = false
     Async result = null

Resolved Exception:
             Type = null

ModelAndView:
        View name = null
             View = null
            Model = null

FlashMap:
       Attributes = null

MockHttpServletResponse:
           Status = 501
    Error message = null
          Headers = []
     Content type = null
             Body = 
    Forwarded URL = null
   Redirected URL = null
          Cookies = []
]]></system-out>
  </testcase>
  <testcase name="testViewportEndpoint" classname="org.openapitools.api.ApplicationTest" time="0.017">
    <failure message="Status expected:&lt;200&gt; but was:&lt;501&gt;" type="java.lang.AssertionError"><![CDATA[java.lang.AssertionError: Status expected:<200> but was:<501>
	at org.openapitools.api.ApplicationTest.testViewportEndpoint(ApplicationTest.java:98)
]]></failure>
    <system-out><![CDATA[
MockHttpServletRequest:
      HTTP Method = GET
      Request URI = /viewport
       Parameters = {}
          Headers = []
             Body = null
    Session Attrs = {}

Handler:
             Type = org.openapitools.api.ViewportApiController
           Method = org.openapitools.api.ViewportApiController#viewportGet()

Async:
    Async started = false
     Async result = null

Resolved Exception:
             Type = null

ModelAndView:
        View name = null
             View = null
            Model = null

FlashMap:
       Attributes = null

MockHttpServletResponse:
           Status = 501
    Error message = null
          Headers = []
     Content type = null
             Body = 
    Forwarded URL = null
   Redirected URL = null
          Cookies = []
]]></system-out>
  </testcase>
  <testcase name="testBrowserCompatibilityEndpoint" classname="org.openapitools.api.ApplicationTest" time="0.013">
    <failure message="Status expected:&lt;200&gt; but was:&lt;501&gt;" type="java.lang.AssertionError"><![CDATA[java.lang.AssertionError: Status expected:<200> but was:<501>
	at org.openapitools.api.ApplicationTest.testBrowserCompatibilityEndpoint(ApplicationTest.java:43)
]]></failure>
    <system-out><![CDATA[
MockHttpServletRequest:
      HTTP Method = GET
      Request URI = /browser-compatibility
       Parameters = {}
          Headers = []
             Body = null
    Session Attrs = {}

Handler:
             Type = org.openapitools.api.BrowserCompatibilityApiController
           Method = org.openapitools.api.BrowserCompatibilityApiController#browserCompatibilityGet()

Async:
    Async started = false
     Async result = null

Resolved Exception:
             Type = null

ModelAndView:
        View name = null
             View = null
            Model = null

FlashMap:
       Attributes = null

MockHttpServletResponse:
           Status = 501
    Error message = null
          Headers = []
     Content type = null
             Body = 
    Forwarded URL = null
   Redirected URL = null
          Cookies = []
]]></system-out>
  </testcase>
  <testcase name="testCredentialsObscuredEndpoint" classname="org.openapitools.api.ApplicationTest" time="0.02">
    <failure message="Status expected:&lt;200&gt; but was:&lt;501&gt;" type="java.lang.AssertionError"><![CDATA[java.lang.AssertionError: Status expected:<200> but was:<501>
	at org.openapitools.api.ApplicationTest.testCredentialsObscuredEndpoint(ApplicationTest.java:50)
]]></failure>
    <system-out><![CDATA[
MockHttpServletRequest:
      HTTP Method = GET
      Request URI = /credentials-obscured
       Parameters = {}
          Headers = []
             Body = null
    Session Attrs = {}

Handler:
             Type = org.openapitools.api.CredentialsObscuredApiController
           Method = org.openapitools.api.CredentialsObscuredApiController#credentialsObscuredGet()

Async:
    Async started = false
     Async result = null

Resolved Exception:
             Type = null

ModelAndView:
        View name = null
             View = null
            Model = null

FlashMap:
       Attributes = null

MockHttpServletResponse:
           Status = 501
    Error message = null
          Headers = []
     Content type = null
             Body = 
    Forwarded URL = null
   Redirected URL = null
          Cookies = []
]]></system-out>
  </testcase>
  <testcase name="testLoginPageLoadEndpoint" classname="org.openapitools.api.ApplicationTest" time="0.004">
    <failure message="Status expected:&lt;200&gt; but was:&lt;404&gt;" type="java.lang.AssertionError"><![CDATA[java.lang.AssertionError: Status expected:<200> but was:<404>
	at org.openapitools.api.ApplicationTest.testLoginPageLoadEndpoint(ApplicationTest.java:77)
]]></failure>
    <system-out><![CDATA[
MockHttpServletRequest:
      HTTP Method = GET
      Request URI = /login/page-load
       Parameters = {}
          Headers = []
             Body = null
    Session Attrs = {}

Handler:
             Type = org.springframework.web.servlet.resource.ResourceHttpRequestHandler

Async:
    Async started = false
     Async result = null

Resolved Exception:
             Type = null

ModelAndView:
        View name = null
             View = null
            Model = null

FlashMap:
       Attributes = null

MockHttpServletResponse:
           Status = 404
    Error message = null
          Headers = [Vary:"Origin", "Access-Control-Request-Method", "Access-Control-Request-Headers"]
     Content type = null
             Body = 
    Forwarded URL = null
   Redirected URL = null
          Cookies = []
]]></system-out>
  </testcase>
  <testcase name="testUsernameEndpoint" classname="org.openapitools.api.ApplicationTest" time="0.014">
    <failure message="Status expected:&lt;200&gt; but was:&lt;501&gt;" type="java.lang.AssertionError"><![CDATA[java.lang.AssertionError: Status expected:<200> but was:<501>
	at org.openapitools.api.ApplicationTest.testUsernameEndpoint(ApplicationTest.java:92)
]]></failure>
    <system-out><![CDATA[
MockHttpServletRequest:
      HTTP Method = POST
      Request URI = /username
       Parameters = {}
          Headers = [Content-Type:"application/json;charset=UTF-8", Content-Length:"22"]
             Body = {"username":"newuser"}
    Session Attrs = {}

Handler:
             Type = org.openapitools.api.UsernameApiController
           Method = org.openapitools.api.UsernameApiController#usernamePost(UsernamePostRequest)

Async:
    Async started = false
     Async result = null

Resolved Exception:
             Type = null

ModelAndView:
        View name = null
             View = null
            Model = null

FlashMap:
       Attributes = null

MockHttpServletResponse:
           Status = 501
    Error message = null
          Headers = []
     Content type = null
             Body = 
    Forwarded URL = null
   Redirected URL = null
          Cookies = []
]]></system-out>
  </testcase>
  <testcase name="testPasswordEndpoint" classname="org.openapitools.api.ApplicationTest" time="0.009">
    <failure message="Status expected:&lt;200&gt; but was:&lt;501&gt;" type="java.lang.AssertionError"><![CDATA[java.lang.AssertionError: Status expected:<200> but was:<501>
	at org.openapitools.api.ApplicationTest.testPasswordEndpoint(ApplicationTest.java:85)
]]></failure>
    <system-out><![CDATA[
MockHttpServletRequest:
      HTTP Method = POST
      Request URI = /password
       Parameters = {}
          Headers = [Content-Type:"application/json;charset=UTF-8", Content-Length:"26"]
             Body = {"password":"newpassword"}
    Session Attrs = {}

Handler:
             Type = org.openapitools.api.PasswordApiController
           Method = org.openapitools.api.PasswordApiController#passwordPost(UsernamePostRequest)

Async:
    Async started = false
     Async result = null

Resolved Exception:
             Type = null

ModelAndView:
        View name = null
             View = null
            Model = null

FlashMap:
       Attributes = null

MockHttpServletResponse:
           Status = 501
    Error message = null
          Headers = []
     Content type = null
             Body = 
    Forwarded URL = null
   Redirected URL = null
          Cookies = []
]]></system-out>
  </testcase>
  <testcase name="testLoginButtonStatusEndpoint" classname="org.openapitools.api.ApplicationTest" time="0.004">
    <failure message="Status expected:&lt;200&gt; but was:&lt;404&gt;" type="java.lang.AssertionError"><![CDATA[java.lang.AssertionError: Status expected:<200> but was:<404>
	at org.openapitools.api.ApplicationTest.testLoginButtonStatusEndpoint(ApplicationTest.java:71)
]]></failure>
    <system-out><![CDATA[
MockHttpServletRequest:
      HTTP Method = GET
      Request URI = /login/button-status
       Parameters = {}
          Headers = []
             Body = null
    Session Attrs = {}

Handler:
             Type = org.springframework.web.servlet.resource.ResourceHttpRequestHandler

Async:
    Async started = false
     Async result = null

Resolved Exception:
             Type = null

ModelAndView:
        View name = null
             View = null
            Model = null

FlashMap:
       Attributes = null

MockHttpServletResponse:
           Status = 404
    Error message = null
          Headers = [Vary:"Origin", "Access-Control-Request-Method", "Access-Control-Request-Headers"]
     Content type = null
             Body = 
    Forwarded URL = null
   Redirected URL = null
          Cookies = []
]]></system-out>
  </testcase>
</testsuite>